Traceback (most recent call last):
  File "/opt/hostedtoolcache/Python/3.7.13/x64/lib/python3.7/site-packages/jupyter_cache/executors/utils.py", line 56, in single_nb_execution
    record_timing=False,
  File "/opt/hostedtoolcache/Python/3.7.13/x64/lib/python3.7/site-packages/nbclient/client.py", line 1204, in execute
    return NotebookClient(nb=nb, resources=resources, km=km, **kwargs).execute()
  File "/opt/hostedtoolcache/Python/3.7.13/x64/lib/python3.7/site-packages/nbclient/util.py", line 84, in wrapped
    return just_run(coro(*args, **kwargs))
  File "/opt/hostedtoolcache/Python/3.7.13/x64/lib/python3.7/site-packages/nbclient/util.py", line 62, in just_run
    return loop.run_until_complete(coro)
  File "/opt/hostedtoolcache/Python/3.7.13/x64/lib/python3.7/asyncio/base_events.py", line 587, in run_until_complete
    return future.result()
  File "/opt/hostedtoolcache/Python/3.7.13/x64/lib/python3.7/site-packages/nbclient/client.py", line 664, in async_execute
    cell, index, execution_count=self.code_cells_executed + 1
  File "/opt/hostedtoolcache/Python/3.7.13/x64/lib/python3.7/site-packages/nbclient/client.py", line 965, in async_execute_cell
    await self._check_raise_for_error(cell, cell_index, exec_reply)
  File "/opt/hostedtoolcache/Python/3.7.13/x64/lib/python3.7/site-packages/nbclient/client.py", line 862, in _check_raise_for_error
    raise CellExecutionError.from_cell_and_msg(cell, exec_reply_content)
nbclient.exceptions.CellExecutionError: An error occurred while executing the following cell:
------------------
alpha_numeric_df = pd.DataFrame(
    [["one", 1.5], ["two", 2.3]], columns=["string", "numeric"]
)

show(alpha_numeric_df, column_filters="footer", dom="lrtip")
------------------

[0;31m---------------------------------------------------------------------------[0m
[0;31mFileNotFoundError[0m                         Traceback (most recent call last)
[0;32m/tmp/ipykernel_1755/2209532529.py[0m in [0;36m<module>[0;34m[0m
[1;32m      3[0m )
[1;32m      4[0m [0;34m[0m[0m
[0;32m----> 5[0;31m [0mshow[0m[0;34m([0m[0malpha_numeric_df[0m[0;34m,[0m [0mcolumn_filters[0m[0;34m=[0m[0;34m"footer"[0m[0;34m,[0m [0mdom[0m[0;34m=[0m[0;34m"lrtip"[0m[0;34m)[0m[0;34m[0m[0;34m[0m[0m
[0m
[0;32m/opt/hostedtoolcache/Python/3.7.13/x64/lib/python3.7/site-packages/itables/javascript.py[0m in [0;36mshow[0;34m(df, **kwargs)[0m
[1;32m    336[0m [0;32mdef[0m [0mshow[0m[0;34m([0m[0mdf[0m[0;34m=[0m[0;32mNone[0m[0;34m,[0m [0;34m**[0m[0mkwargs[0m[0;34m)[0m[0;34m:[0m[0;34m[0m[0;34m[0m[0m
[1;32m    337[0m     [0;34m"""Show a dataframe"""[0m[0;34m[0m[0;34m[0m[0m
[0;32m--> 338[0;31m     [0mhtml[0m [0;34m=[0m [0m_datatables_repr_[0m[0;34m([0m[0mdf[0m[0;34m,[0m [0;34m**[0m[0mkwargs[0m[0;34m)[0m[0;34m[0m[0;34m[0m[0m
[0m[1;32m    339[0m     [0mdisplay[0m[0;34m([0m[0mHTML[0m[0;34m([0m[0mhtml[0m[0;34m)[0m[0;34m)[0m[0;34m[0m[0;34m[0m[0m

[0;32m/opt/hostedtoolcache/Python/3.7.13/x64/lib/python3.7/site-packages/itables/javascript.py[0m in [0;36m_datatables_repr_[0;34m(df, tableId, **kwargs)[0m
[1;32m    302[0m [0;34m[0m[0m
[1;32m    303[0m         pre_dt_code = replace_value(
[0;32m--> 304[0;31m             [0mread_package_file[0m[0;34m([0m[0;34m"html/column_filters/pre_dt_code.js"[0m[0;34m)[0m[0;34m,[0m[0;34m[0m[0;34m[0m[0m
[0m[1;32m    305[0m             [0;34m"thead_or_tfoot"[0m[0;34m,[0m[0;34m[0m[0;34m[0m[0m
[1;32m    306[0m             [0;34m"thead"[0m [0;32mif[0m [0mcolumn_filters[0m [0;34m==[0m [0;34m"header"[0m [0;32melse[0m [0;34m"tfoot"[0m[0;34m,[0m[0;34m[0m[0;34m[0m[0m

[0;32m/opt/hostedtoolcache/Python/3.7.13/x64/lib/python3.7/site-packages/itables/utils.py[0m in [0;36mread_package_file[0;34m(*path)[0m
[1;32m     10[0m [0;32mdef[0m [0mread_package_file[0m[0;34m([0m[0;34m*[0m[0mpath[0m[0;34m)[0m[0;34m:[0m[0;34m[0m[0;34m[0m[0m
[1;32m     11[0m     [0;34m"""Return the content of a file from the itables package"""[0m[0;34m[0m[0;34m[0m[0m
[0;32m---> 12[0;31m     [0;32mwith[0m [0mopen[0m[0;34m([0m[0mfind_package_file[0m[0;34m([0m[0;34m*[0m[0mpath[0m[0;34m)[0m[0;34m,[0m [0mencoding[0m[0;34m=[0m[0;34m"utf-8"[0m[0;34m)[0m [0;32mas[0m [0mfp[0m[0;34m:[0m[0;34m[0m[0;34m[0m[0m
[0m[1;32m     13[0m         [0;32mreturn[0m [0mfp[0m[0;34m.[0m[0mread[0m[0;34m([0m[0;34m)[0m[0;34m[0m[0;34m[0m[0m

[0;31mFileNotFoundError[0m: [Errno 2] No such file or directory: '/opt/hostedtoolcache/Python/3.7.13/x64/lib/python3.7/site-packages/itables/html/column_filters/pre_dt_code.js'
FileNotFoundError: [Errno 2] No such file or directory: '/opt/hostedtoolcache/Python/3.7.13/x64/lib/python3.7/site-packages/itables/html/column_filters/pre_dt_code.js'

